<?xml version="1.0" encoding="UTF-8"?>
<!-- Generated by org.testng.reporters.JUnitReportReporter -->
<testsuite hostname="DESKTOP-CSC7RQF" failures="0" tests="1" name="Login.Invalid_CredentialsTest" time="22.738" errors="0" timestamp="2025-09-02T10:52:52 IST" skipped="0">
  <testcase classname="Login.Invalid_CredentialsTest" name="invalid" time="22.738"/>
</testsuite> <!-- Login.Invalid_CredentialsTest -->
