<?xml version="1.0" encoding="UTF-8"?>
<!-- Generated by org.testng.reporters.JUnitReportReporter -->
<testsuite hostname="DESKTOP-CSC7RQF" failures="0" tests="1" name="Login.Valid_CredentialsTest" time="27.326" errors="0" timestamp="2025-09-02T10:52:52 IST" skipped="0">
  <testcase classname="Login.Valid_CredentialsTest" name="valid" time="27.326"/>
</testsuite> <!-- Login.Valid_CredentialsTest -->
