<?xml version="1.0" encoding="UTF-8"?>
<!-- Generated by org.testng.reporters.JUnitReportReporter -->
<testsuite hostname="DESKTOP-CSC7RQF" failures="0" tests="1" name="add_Service.EmptyServiceName_AddServiceTest" time="52.691" errors="0" timestamp="2025-10-03T11:07:09 IST" skipped="0">
  <testcase classname="add_Service.EmptyServiceName_AddServiceTest" name="emptyServiceName" time="52.691"/>
</testsuite> <!-- add_Service.EmptyServiceName_AddServiceTest -->
