<?xml version="1.0" encoding="UTF-8"?>
<!-- Generated by org.testng.reporters.JUnitReportReporter -->
<testsuite hostname="DESKTOP-CSC7RQF" failures="0" tests="1" name="Create_Store.SpecialCharacters_OwnerNameTest" time="39.137" errors="0" timestamp="2025-09-11T12:15:07 IST" skipped="0">
  <testcase classname="Create_Store.SpecialCharacters_OwnerNameTest" name="specialCharacters" time="39.137"/>
</testsuite> <!-- Create_Store.SpecialCharacters_OwnerNameTest -->
