<?xml version="1.0" encoding="UTF-8"?>
<!-- Generated by org.testng.reporters.JUnitReportReporter -->
<testsuite hostname="DESKTOP-CSC7RQF" failures="0" tests="1" name="add_Product.NumericsLoyaltyPoints_ProductTest" time="62.235" errors="0" timestamp="2025-09-25T15:43:09 IST" skipped="0">
  <testcase classname="add_Product.NumericsLoyaltyPoints_ProductTest" name="numericsLoyaltyPoints" time="62.235"/>
</testsuite> <!-- add_Product.NumericsLoyaltyPoints_ProductTest -->
