<?xml version="1.0" encoding="UTF-8"?>
<!-- Generated by org.testng.reporters.JUnitReportReporter -->
<testsuite hostname="DESKTOP-CSC7RQF" failures="0" tests="2" name="Create_Store.ProductSale_CreateStoreTest" time="98.852" errors="0" timestamp="2025-09-11T12:15:07 IST" skipped="0">
  <testcase classname="Create_Store.ProductSale_CreateStoreTest" name="delete" time="33.946"/>
  <testcase classname="Create_Store.ProductSale_CreateStoreTest" name="product" time="64.906"/>
</testsuite> <!-- Create_Store.ProductSale_CreateStoreTest -->
