<?xml version="1.0" encoding="UTF-8"?>
<!-- Generated by org.testng.reporters.JUnitReportReporter -->
<testsuite hostname="DESKTOP-CSC7RQF" failures="0" tests="1" name="Add_Product.NumericValidation_ProductPriceTest" time="36.204" errors="0" timestamp="2025-09-05T15:01:34 IST" skipped="0">
  <testcase classname="Add_Product.NumericValidation_ProductPriceTest" name="allowedCharacters" time="36.204"/>
</testsuite> <!-- Add_Product.NumericValidation_ProductPriceTest -->
