<?xml version="1.0" encoding="UTF-8"?>
<!-- Generated by org.testng.reporters.JUnitReportReporter -->
<testsuite hostname="DESKTOP-CSC7RQF" failures="0" tests="1" name="Create_Store.AlphaNumerics_ComfirmPINTest" time="46.690" errors="0" timestamp="2025-09-11T12:15:07 IST" skipped="0">
  <testcase classname="Create_Store.AlphaNumerics_ComfirmPINTest" name="alphaNumeric" time="46.690"/>
</testsuite> <!-- Create_Store.AlphaNumerics_ComfirmPINTest -->
