<?xml version="1.0" encoding="UTF-8"?>
<!-- Generated by org.testng.reporters.JUnitReportReporter -->
<testsuite hostname="DESKTOP-CSC7RQF" failures="0" tests="1" name="add_Product.BlankAddValue_ProductTest" time="43.809" errors="0" timestamp="2025-09-25T15:43:09 IST" skipped="0">
  <testcase classname="add_Product.BlankAddValue_ProductTest" name="blankAddValue" time="43.809"/>
</testsuite> <!-- add_Product.BlankAddValue_ProductTest -->
