<?xml version="1.0" encoding="UTF-8"?>
<!-- Generated by org.testng.reporters.JUnitReportReporter -->
<testsuite hostname="DESKTOP-CSC7RQF" failures="0" tests="1" name="add_Product.SelectExistingCategory_ProductTest" time="31.222" errors="0" timestamp="2025-09-25T15:43:09 IST" skipped="0">
  <testcase classname="add_Product.SelectExistingCategory_ProductTest" name="category" time="31.222"/>
</testsuite> <!-- add_Product.SelectExistingCategory_ProductTest -->
