<?xml version="1.0" encoding="UTF-8"?>
<!-- Generated by org.testng.reporters.JUnitReportReporter -->
<testsuite hostname="DESKTOP-CSC7RQF" failures="0" tests="1" name="add_Product.ExistingCategory_ProductTest" time="46.655" errors="0" timestamp="2025-09-24T15:19:41 IST" skipped="0">
  <testcase classname="add_Product.ExistingCategory_ProductTest" name="validateCategory" time="46.655"/>
</testsuite> <!-- add_Product.ExistingCategory_ProductTest -->
