<?xml version="1.0" encoding="UTF-8"?>
<!-- Generated by org.testng.reporters.JUnitReportReporter -->
<testsuite hostname="DESKTOP-CSC7RQF" failures="0" tests="1" name="add_Service.EmptyCategory_AddServiceTest" time="44.657" errors="0" timestamp="2025-10-03T11:11:20 IST" skipped="0">
  <testcase classname="add_Service.EmptyCategory_AddServiceTest" name="emptyCategory" time="44.657"/>
</testsuite> <!-- add_Service.EmptyCategory_AddServiceTest -->
