<?xml version="1.0" encoding="UTF-8"?>
<!-- Generated by org.testng.reporters.JUnitReportReporter -->
<testsuite hostname="DESKTOP-CSC7RQF" failures="0" tests="1" name="add_Service.VerifyHome_AddServiceTest" time="33.010" errors="0" timestamp="2025-09-26T16:14:55 IST" skipped="0">
  <testcase classname="add_Service.VerifyHome_AddServiceTest" name="change" time="33.010"/>
</testsuite> <!-- add_Service.VerifyHome_AddServiceTest -->
