<?xml version="1.0" encoding="UTF-8"?>
<!-- Generated by org.testng.reporters.JUnitReportReporter -->
<testsuite hostname="DESKTOP-CSC7RQF" failures="0" tests="1" name="add_Service.VerifyNormal_AddServiceTest" time="40.325" errors="0" timestamp="2025-10-03T10:11:28 IST" skipped="0">
  <testcase classname="add_Service.VerifyNormal_AddServiceTest" name="change" time="40.325"/>
</testsuite> <!-- add_Service.VerifyNormal_AddServiceTest -->
