<?xml version="1.0" encoding="UTF-8"?>
<!-- Generated by org.testng.reporters.JUnitReportReporter -->
<testsuite hostname="DESKTOP-CSC7RQF" failures="0" tests="1" name="Create_Store.InvalidMobileNumberTest" time="31.406" errors="0" timestamp="2025-08-18T16:32:42 IST" skipped="0">
  <testcase classname="Create_Store.InvalidMobileNumberTest" name="createStore" time="31.406"/>
</testsuite> <!-- Create_Store.InvalidMobileNumberTest -->
