<?xml version="1.0" encoding="UTF-8"?>
<!-- Generated by org.testng.reporters.JUnitReportReporter -->
<testsuite hostname="DESKTOP-CSC7RQF" failures="0" tests="1" name="Add_Product.Image" time="27.152" errors="0" timestamp="2025-09-04T14:11:58 IST" skipped="0">
  <testcase classname="Add_Product.Image" name="tapByCoordinates" time="27.152"/>
</testsuite> <!-- Add_Product.Image -->
