<?xml version="1.0" encoding="UTF-8"?>
<!-- Generated by org.testng.reporters.JUnitReportReporter -->
<testsuite hostname="DESKTOP-CSC7RQF" failures="0" tests="1" name="add_Service.VerifyExistingService_AddServiceTest" time="28.789" errors="0" timestamp="2025-09-26T13:01:46 IST" skipped="0">
  <testcase classname="add_Service.VerifyExistingService_AddServiceTest" name="verify" time="28.789"/>
</testsuite> <!-- add_Service.VerifyExistingService_AddServiceTest -->
