<?xml version="1.0" encoding="UTF-8"?>
<!-- Generated by org.testng.reporters.JUnitReportReporter -->
<testsuite hostname="DESKTOP-CSC7RQF" failures="0" tests="1" name="add_Service.MaxLengthServiceName_AddServiceTest" time="35.522" errors="0" timestamp="2025-10-03T11:28:33 IST" skipped="0">
  <testcase classname="add_Service.MaxLengthServiceName_AddServiceTest" name="emptyPrice" time="35.522"/>
</testsuite> <!-- add_Service.MaxLengthServiceName_AddServiceTest -->
