<?xml version="1.0" encoding="UTF-8"?>
<!-- Generated by org.testng.reporters.JUnitReportReporter -->
<testsuite hostname="DESKTOP-CSC7RQF" failures="0" tests="1" name="add_Service.EmptyPricing_AddServiceTest" time="46.557" errors="0" timestamp="2025-10-03T11:17:02 IST" skipped="0">
  <testcase classname="add_Service.EmptyPricing_AddServiceTest" name="emptyCategory" time="46.557"/>
</testsuite> <!-- add_Service.EmptyPricing_AddServiceTest -->
