<?xml version="1.0" encoding="UTF-8"?>
<!-- Generated by org.testng.reporters.JUnitReportReporter -->
<testsuite hostname="DESKTOP-CSC7RQF" failures="0" tests="1" name="add_Product.AlphaNumericsName_ProductTest" time="32.692" errors="0" timestamp="2025-09-25T15:43:09 IST" skipped="0">
  <testcase classname="add_Product.AlphaNumericsName_ProductTest" name="alphaNumericsName" time="32.692"/>
</testsuite> <!-- add_Product.AlphaNumericsName_ProductTest -->
