<?xml version="1.0" encoding="UTF-8"?>
<!-- Generated by org.testng.reporters.JUnitReportReporter -->
<testsuite hostname="DESKTOP-CSC7RQF" failures="0" tests="1" name="add_Service.ChangeTumbnailImage_AddServiceTest" time="77.341" errors="0" timestamp="2025-09-26T15:16:32 IST" skipped="0">
  <testcase classname="add_Service.ChangeTumbnailImage_AddServiceTest" name="change" time="77.341"/>
</testsuite> <!-- add_Service.ChangeTumbnailImage_AddServiceTest -->
