<?xml version="1.0" encoding="UTF-8"?>
<!-- Generated by org.testng.reporters.JUnitReportReporter -->
<testsuite hostname="DESKTOP-CSC7RQF" failures="0" tests="1" name="Create_Store.Numeric_ReferalCodeTest" time="55.621" errors="0" timestamp="2025-09-11T12:15:07 IST" skipped="0">
  <testcase classname="Create_Store.Numeric_ReferalCodeTest" name="numeric" time="55.621"/>
</testsuite> <!-- Create_Store.Numeric_ReferalCodeTest -->
