<?xml version="1.0" encoding="UTF-8"?>
<!-- Generated by org.testng.reporters.JUnitReportReporter -->
<testsuite hostname="DESKTOP-CSC7RQF" failures="0" tests="1" name="Add_Product.CreateVariante_ProductTest" time="52.132" errors="0" timestamp="2025-09-09T15:07:53 IST" skipped="0">
  <testcase classname="Add_Product.CreateVariante_ProductTest" name="createVariante" time="52.132"/>
</testsuite> <!-- Add_Product.CreateVariante_ProductTest -->
