<?xml version="1.0" encoding="UTF-8"?>
<!-- Generated by org.testng.reporters.JUnitReportReporter -->
<testsuite hostname="DESKTOP-CSC7RQF" failures="0" tests="1" name="add_Service.MultipleMadatoryFieldsEmpty_AddServiceTest" time="32.003" errors="0" timestamp="2025-10-03T11:20:51 IST" skipped="0">
  <testcase classname="add_Service.MultipleMadatoryFieldsEmpty_AddServiceTest" name="emptyPrice" time="32.003"/>
</testsuite> <!-- add_Service.MultipleMadatoryFieldsEmpty_AddServiceTest -->
