<?xml version="1.0" encoding="UTF-8"?>
<!-- Generated by org.testng.reporters.JUnitReportReporter -->
<testsuite hostname="DESKTOP-CSC7RQF" failures="0" tests="2" name="Create_Store.ServiceProduct_CreateStoreTest" time="102.077" errors="0" timestamp="2025-09-11T12:15:07 IST" skipped="0">
  <testcase classname="Create_Store.ServiceProduct_CreateStoreTest" name="serviceProduct" time="64.746"/>
  <testcase classname="Create_Store.ServiceProduct_CreateStoreTest" name="delete" time="37.331"/>
</testsuite> <!-- Create_Store.ServiceProduct_CreateStoreTest -->
