<?xml version="1.0" encoding="UTF-8"?>
<!-- Generated by org.testng.reporters.JUnitReportReporter -->
<testsuite hostname="DESKTOP-CSC7RQF" failures="0" tests="20" name="Create_Store.checkxl" time="0.062" errors="0" timestamp="2025-09-11T12:15:07 IST" skipped="0">
  <testcase classname="Create_Store.checkxl" name="test" time="0.005"/>
  <testcase classname="Create_Store.checkxl" name="test" time="0.006"/>
  <testcase classname="Create_Store.checkxl" name="test" time="0.002"/>
  <testcase classname="Create_Store.checkxl" name="test" time="0.007"/>
  <testcase classname="Create_Store.checkxl" name="test" time="0.002"/>
  <testcase classname="Create_Store.checkxl" name="test" time="0.003"/>
  <testcase classname="Create_Store.checkxl" name="test" time="0.001"/>
  <testcase classname="Create_Store.checkxl" name="test" time="0.003"/>
  <testcase classname="Create_Store.checkxl" name="test" time="0.001"/>
  <testcase classname="Create_Store.checkxl" name="test" time="0.001"/>
  <testcase classname="Create_Store.checkxl" name="test" time="0.002"/>
  <testcase classname="Create_Store.checkxl" name="test" time="0.002"/>
  <testcase classname="Create_Store.checkxl" name="test" time="0.006"/>
  <testcase classname="Create_Store.checkxl" name="test" time="0.004"/>
  <testcase classname="Create_Store.checkxl" name="test" time="0.001"/>
  <testcase classname="Create_Store.checkxl" name="test" time="0.001"/>
  <testcase classname="Create_Store.checkxl" name="test" time="0.001"/>
  <testcase classname="Create_Store.checkxl" name="test" time="0.012"/>
  <testcase classname="Create_Store.checkxl" name="test" time="0.000"/>
  <testcase classname="Create_Store.checkxl" name="test" time="0.002"/>
</testsuite> <!-- Create_Store.checkxl -->
