<?xml version="1.0" encoding="UTF-8"?>
<!-- Generated by org.testng.reporters.JUnitReportReporter -->
<testsuite hostname="DESKTOP-CSC7RQF" failures="0" tests="1" name="Create_Store.Valid_NewPINTest" time="34.977" errors="0" timestamp="2025-09-11T12:15:07 IST" skipped="0">
  <testcase classname="Create_Store.Valid_NewPINTest" name="valid" time="34.977"/>
</testsuite> <!-- Create_Store.Valid_NewPINTest -->
