<?xml version="1.0" encoding="UTF-8"?>
<!-- Generated by org.testng.reporters.JUnitReportReporter -->
<testsuite hostname="DESKTOP-CSC7RQF" failures="0" tests="1" name="add_Service.UploadValidImage_AddServiceTest" time="44.572" errors="0" timestamp="2025-09-26T14:57:11 IST" skipped="0">
  <testcase classname="add_Service.UploadValidImage_AddServiceTest" name="upload" time="44.572"/>
</testsuite> <!-- add_Service.UploadValidImage_AddServiceTest -->
