<?xml version="1.0" encoding="UTF-8"?>
<!-- Generated by org.testng.reporters.JUnitReportReporter -->
<testsuite hostname="DESKTOP-CSC7RQF" failures="0" tests="1" name="Login.LessThanFour_PINTest" time="21.591" errors="0" timestamp="2025-09-02T10:52:52 IST" skipped="0">
  <testcase classname="Login.LessThanFour_PINTest" name="lessThanFour" time="21.591"/>
</testsuite> <!-- Login.LessThanFour_PINTest -->
