<?xml version="1.0" encoding="UTF-8"?>
<!-- Generated by org.testng.reporters.JUnitReportReporter -->
<testsuite hostname="DESKTOP-CSC7RQF" failures="0" tests="1" name="add_Service.VerifyServiceDropDown_AddServiceTest" time="25.253" errors="0" timestamp="2025-09-26T15:36:13 IST" skipped="0">
  <testcase classname="add_Service.VerifyServiceDropDown_AddServiceTest" name="change" time="25.253"/>
</testsuite> <!-- add_Service.VerifyServiceDropDown_AddServiceTest -->
