<?xml version="1.0" encoding="UTF-8"?>
<!-- Generated by org.testng.reporters.JUnitReportReporter -->
<testsuite hostname="DESKTOP-CSC7RQF" failures="0" tests="1" name="add_Service.Navigation_AddServiceTest" time="37.772" errors="0" timestamp="2025-09-26T11:37:20 IST" skipped="0">
  <testcase classname="add_Service.Navigation_AddServiceTest" name="navigation" time="37.772"/>
</testsuite> <!-- add_Service.Navigation_AddServiceTest -->
