<?xml version="1.0" encoding="UTF-8"?>
<!-- Generated by org.testng.reporters.JUnitReportReporter -->
<testsuite hostname="DESKTOP-CSC7RQF" failures="0" tests="1" name="add_Service.EmptyMandatoryFields_AddServiceTest" time="33.094" errors="0" timestamp="2025-10-03T10:31:42 IST" skipped="0">
  <testcase classname="add_Service.EmptyMandatoryFields_AddServiceTest" name="emptyMandatoryFields" time="33.094"/>
</testsuite> <!-- add_Service.EmptyMandatoryFields_AddServiceTest -->
