<?xml version="1.0" encoding="UTF-8"?>
<!-- Generated by org.testng.reporters.JUnitReportReporter -->
<testsuite hostname="DESKTOP-CSC7RQF" failures="0" tests="1" name="add_Product.MaxLimitProductName_ProductTest" time="37.176" errors="0" timestamp="2025-09-25T15:43:09 IST" skipped="0">
  <testcase classname="add_Product.MaxLimitProductName_ProductTest" name="maxLimitName" time="37.176"/>
</testsuite> <!-- add_Product.MaxLimitProductName_ProductTest -->
