<?xml version="1.0" encoding="UTF-8"?>
<!-- Generated by org.testng.reporters.JUnitReportReporter -->
<testsuite hostname="DESKTOP-CSC7RQF" failures="0" tests="1" name="add_Service.EmptyService_AddServiceTest" time="34.676" errors="0" timestamp="2025-09-26T12:14:07 IST" skipped="0">
  <testcase classname="add_Service.EmptyService_AddServiceTest" name="empty" time="34.676"/>
</testsuite> <!-- add_Service.EmptyService_AddServiceTest -->
