<?xml version="1.0" encoding="UTF-8"?>
<!-- Generated by org.testng.reporters.JUnitReportReporter -->
<testsuite hostname="DESKTOP-CSC7RQF" failures="0" tests="1" name="add_Service.CreateServiceValidData_AddServiceTest" time="62.531" errors="0" timestamp="2025-10-03T11:01:15 IST" skipped="0">
  <testcase classname="add_Service.CreateServiceValidData_AddServiceTest" name="createServiceValidData" time="62.531"/>
</testsuite> <!-- add_Service.CreateServiceValidData_AddServiceTest -->
