<?xml version="1.0" encoding="UTF-8"?>
<!-- Generated by org.testng.reporters.JUnitReportReporter -->
<testsuite hostname="DESKTOP-CSC7RQF" failures="0" tests="1" name="add_Service.RemoveImage_AddService" time="49.602" errors="0" timestamp="2025-09-26T15:23:47 IST" skipped="0">
  <testcase classname="add_Service.RemoveImage_AddService" name="change" time="49.602"/>
</testsuite> <!-- add_Service.RemoveImage_AddService -->
