<?xml version="1.0" encoding="UTF-8"?>
<!-- Generated by org.testng.reporters.JUnitReportReporter -->
<testsuite hostname="DESKTOP-CSC7RQF" failures="0" tests="1" name="add_Product.ValidUploadImage_ProductTest" time="55.822" errors="0" timestamp="2025-09-25T15:43:09 IST" skipped="0">
  <testcase classname="add_Product.ValidUploadImage_ProductTest" name="valid" time="55.822"/>
</testsuite> <!-- add_Product.ValidUploadImage_ProductTest -->
