<?xml version="1.0" encoding="UTF-8"?>
<!-- Generated by org.testng.reporters.JUnitReportReporter -->
<testsuite hostname="DESKTOP-CSC7RQF" failures="0" tests="1" name="Create_Store.AlphaNumarics_NewPINTest" time="37.470" errors="0" timestamp="2025-09-11T12:15:07 IST" skipped="0">
  <testcase classname="Create_Store.AlphaNumarics_NewPINTest" name="alphaNumarics" time="37.470"/>
</testsuite> <!-- Create_Store.AlphaNumarics_NewPINTest -->
