<?xml version="1.0" encoding="UTF-8"?>
<!-- Generated by org.testng.reporters.JUnitReportReporter -->
<testsuite hostname="DESKTOP-CSC7RQF" failures="0" tests="2" name="Create_Store.Valid_ReferalCodeTest" time="101.885" errors="0" timestamp="2025-09-11T12:15:07 IST" skipped="0">
  <testcase classname="Create_Store.Valid_ReferalCodeTest" name="delete" time="34.494"/>
  <testcase classname="Create_Store.Valid_ReferalCodeTest" name="valid" time="67.391"/>
</testsuite> <!-- Create_Store.Valid_ReferalCodeTest -->
