<?xml version="1.0" encoding="UTF-8"?>
<!-- Generated by org.testng.reporters.JUnitReportReporter -->
<testsuite hostname="DESKTOP-CSC7RQF" failures="0" tests="1" name="Create_Store.SpaceStartEnd_BusinessTypeTest" time="47.902" errors="0" timestamp="2025-09-11T12:15:07 IST" skipped="0">
  <testcase classname="Create_Store.SpaceStartEnd_BusinessTypeTest" name="maxLimit" time="47.902"/>
</testsuite> <!-- Create_Store.SpaceStartEnd_BusinessTypeTest -->
