<?xml version="1.0" encoding="UTF-8"?>
<!-- Generated by org.testng.reporters.JUnitReportReporter -->
<testsuite hostname="DESKTOP-CSC7RQF" failures="0" tests="1" name="add_Product.ExcludeGST_ProductTest" time="53.658" errors="0" timestamp="2025-09-25T15:43:09 IST" skipped="0">
  <testcase classname="add_Product.ExcludeGST_ProductTest" name="excludeGST" time="53.658"/>
</testsuite> <!-- add_Product.ExcludeGST_ProductTest -->
