<?xml version="1.0" encoding="UTF-8"?>
<!-- Generated by org.testng.reporters.JUnitReportReporter -->
<testsuite hostname="DESKTOP-CSC7RQF" failures="0" tests="1" name="Create_Store.Alphabets_ConfirmPINTest" time="38.086" errors="0" timestamp="2025-09-11T12:24:45 IST" skipped="0">
  <testcase classname="Create_Store.Alphabets_ConfirmPINTest" name="Alphabets" time="38.086"/>
</testsuite> <!-- Create_Store.Alphabets_ConfirmPINTest -->
