<?xml version="1.0" encoding="UTF-8"?>
<!-- Generated by org.testng.reporters.JUnitReportReporter -->
<testsuite hostname="DESKTOP-CSC7RQF" failures="0" tests="1" name="Create_Store.ValidateProduct_TypesTest" time="63.751" errors="0" timestamp="2025-08-21T12:19:54 IST" skipped="0">
  <testcase classname="Create_Store.ValidateProduct_TypesTest" name="validate" time="63.751"/>
</testsuite> <!-- Create_Store.ValidateProduct_TypesTest -->
