<?xml version="1.0" encoding="UTF-8"?>
<!-- Generated by org.testng.reporters.JUnitReportReporter -->
<testsuite hostname="DESKTOP-CSC7RQF" failures="0" tests="1" name="add_Product.CreateValidVariante_ProductTest" time="65.636" errors="0" timestamp="2025-09-25T15:43:09 IST" skipped="0">
  <testcase classname="add_Product.CreateValidVariante_ProductTest" name="createVariante" time="65.636"/>
</testsuite> <!-- add_Product.CreateValidVariante_ProductTest -->
